Windows PowerShell
Copyright (C) 2014 Microsoft Corporation. All rights reserved.

PS C:\Users\88\Desktop\blog-comments-step4_e> gatsby develop
â•”â•â•â•â•â•â•â•â•â•â•â•â•â•â•â•â•â•â•â•â•â•â•â•â•â•â•â•â•â•â•â•â•â•â•â•â•â•â•â•â•â•â•â•â•â•â•â•
â•â•â•â•â•â•â•â•â•â•â•â•â•â•â•â•â•â•â•â•â•â•â•â•â•â•—
â•‘                                                                        â•‘
â•‘   Gatsby collects anonymous usage analytics                            â•‘
â•‘   to help improve Gatsby for all users.                                â•‘
â•‘                                                                        â•‘
â•‘   If you'd like to opt-out, you can use `gatsby telemetry --disable`   â•‘
â•‘   To learn more, checkout https://gatsby.dev/telemetry                 â•‘
â•‘                                                                        â•‘
â•šâ•â•â•â•â•â•â•â•â•â•â•â•â•â•â•â•â•â•â•â•â•â•â•â•â•â•â•â•â•â•â•â•â•â•â•â•â•â•â•â•â•â•â•â•â•â•â•
â•â•â•â•â•â•â•â•â•â•â•â•â•â•â•â•â•â•â•â•â•â•â•â•â•â•
success open and validate gatsby-configs - 0.137s

 ERROR #11331  PLUGIN

Invalid plugin options for "gatsby-plugin-manifest":

- "value" must contain at least one of [icon, icons]

not finished load plugins - 8.876s

PS C:\Users\88\Desktop\blog-comments-step4_e>






Windows PowerShell
Copyright (C) 2014 Microsoft Corporation. All rights reserved.

PS C:\Users\88\Desktop\blog-comments-step4_e> gatsby develop
â•”â•â•â•â•â•â•â•â•â•â•â•â•â•â•â•â•â•â•â•â•â•â•â•â•â•â•â•â•â•â•â•â•â•â•â•â•â•â•â•â•â•â•â•â•â•â•â•
â•â•â•â•â•â•â•â•â•â•â•â•â•â•â•â•â•â•â•â•â•â•â•â•â•â•—
â•‘                                                                        â•‘
â•‘   Gatsby collects anonymous usage analytics                            â•‘
â•‘   to help improve Gatsby for all users.                                â•‘
â•‘                                                                        â•‘
â•‘   If you'd like to opt-out, you can use `gatsby telemetry --disable`   â•‘
â•‘   To learn more, checkout https://gatsby.dev/telemetry                 â•‘
â•‘                                                                        â•‘
â•šâ•â•â•â•â•â•â•â•â•â•â•â•â•â•â•â•â•â•â•â•â•â•â•â•â•â•â•â•â•â•â•â•â•â•â•â•â•â•â•â•â•â•â•â•â•â•â•
â•â•â•â•â•â•â•â•â•â•â•â•â•â•â•â•â•â•â•â•â•â•â•â•â•â•
success open and validate gatsby-configs - 0.137s

 ERROR #11331  PLUGIN

Invalid plugin options for "gatsby-plugin-manifest":

- "value" must contain at least one of [icon, icons]

not finished load plugins - 8.876s

PS C:\Users\88\Desktop\blog-comments-step4_e> gatsby develop
success open and validate gatsby-configs - 0.122s
success load plugins - 2.592s

 ERROR #11321  PLUGIN

"gatsby-plugin-manifest" threw an error while running the onPreInit lifecycle:

ENOENT: no such file or directory, open 'src/images/gatsby-icon.png'

  139 |
  140 |   if (pluginOptions.cache_busting_mode !== "none" && pluginOptions.icon) {
> 141 |     pluginOptions.cacheDigest = (0,
_gatsbyCoreUtils.createContentDigest)(fs.readFileSync(pluginOptions.icon));
      |                                                                              ^
  142 |   }
  143 | };
  144 |

File: node_modules\gatsby-plugin-manifest\gatsby-node.js:141:78



  Error: ENOENT: no such file or directory, open 'src/images/gatsby-icon.png'

  - node:fs:603 Object.openSync
    node:fs:603:3

  - node:fs:471 Object.readFileSync
    node:fs:471:35

  - gatsby-node.js:141 Object.exports.onPreInit
    [blog-comments-step4_e]/[gatsby-plugin-manifest]/gatsby-node.js:141:78

  - api-runner-node.js:485 runAPI
    [blog-comments-step4_e]/[gatsby]/src/utils/api-runner-node.js:485:22

  - api-runner-node.js:636 Promise.catch.decorateEvent.pluginName
    [blog-comments-step4_e]/[gatsby]/src/utils/api-runner-node.js:636:13

  - debuggability.js:384 Promise._execute
    [blog-comments-step4_e]/[bluebird]/js/release/debuggability.js:384:9

  - promise.js:518 Promise._resolveFromExecutor
    [blog-comments-step4_e]/[bluebird]/js/release/promise.js:518:18

  - promise.js:103 new Promise
    [blog-comments-step4_e]/[bluebird]/js/release/promise.js:103:10

  - api-runner-node.js:634
    [blog-comments-step4_e]/[gatsby]/src/utils/api-runner-node.js:634:16

  - util.js:16 tryCatcher
    [blog-comments-step4_e]/[bluebird]/js/release/util.js:16:23

  - reduce.js:166 Object.gotValue
    [blog-comments-step4_e]/[bluebird]/js/release/reduce.js:166:18

  - reduce.js:155 Object.gotAccum
    [blog-comments-step4_e]/[bluebird]/js/release/reduce.js:155:25

  - util.js:16 Object.tryCatcher
    [blog-comments-step4_e]/[bluebird]/js/release/util.js:16:23

  - promise.js:547 Promise._settlePromiseFromHandler
    [blog-comments-step4_e]/[bluebird]/js/release/promise.js:547:31

  - promise.js:604 Promise._settlePromise
    [blog-comments-step4_e]/[bluebird]/js/release/promise.js:604:18

  - promise.js:649 Promise._settlePromise0
    [blog-comments-step4_e]/[bluebird]/js/release/promise.js:649:10


success onPreInit - 0.406s
success initialize cache - 0.024s
success copy gatsby files - 0.710s
success onPreBootstrap - 0.098s
success createSchemaCustomization - 0.025s
success Checking for changed pages - 0.003s
success source and transform nodes - 0.228s
success building schema - 0.406s
info Total nodes: 52, SitePage nodes: 3 (use --verbose for breakdown)
success createPages - 0.058s
success Checking for changed pages - 0.001s
success createPagesStatefully - 0.112s
success update schema - 0.042s
success write out redirect data - 0.004s
success Build manifest and related icons - 0.004s

 ERROR #11321  PLUGIN

"gatsby-plugin-manifest" threw an error while running the onPostBootstrap lifecycle:

icon (src/images/gatsby-icon.png) does not exist as defined in gatsby-config.js. Make sure the
file exists relative to the root of the site.

  344 |             }
  345 |
> 346 |             throw new Error("icon (" + icon + ") does not exist as defined in 
gatsby-config.js. Make sure the file exists relative to the root of the site.");
      |                   ^
  347 |
  348 |           case 19:
  349 |             sharpIcon = (0, _safeSharp.default)(icon);

File: node_modules\gatsby-plugin-manifest\gatsby-node.js:346:19



  Error: icon (src/images/gatsby-icon.png) does not exist as defined in gatsby-config.js. Make s

  ure the file exists relative to the root of the site.

  - gatsby-node.js:346 _callee3$
    [blog-comments-step4_e]/[gatsby-plugin-manifest]/gatsby-node.js:346:19

  - regeneratorRuntime.js:44 tryCatch
    [blog-comments-step4_e]/[@babel]/runtime/helpers/regeneratorRuntime.js:44:17

  - regeneratorRuntime.js:128 Generator.<anonymous>
    [blog-comments-step4_e]/[@babel]/runtime/helpers/regeneratorRuntime.js:128:22

  - regeneratorRuntime.js:69 Generator.next
    [blog-comments-step4_e]/[@babel]/runtime/helpers/regeneratorRuntime.js:69:21

  - new Promise

  - gatsby-node.js:406 makeManifest
    [blog-comments-step4_e]/[gatsby-plugin-manifest]/gatsby-node.js:406:18

  - gatsby-node.js:160 _callee$
    [blog-comments-step4_e]/[gatsby-plugin-manifest]/gatsby-node.js:160:20

  - regeneratorRuntime.js:44 tryCatch
    [blog-comments-step4_e]/[@babel]/runtime/helpers/regeneratorRuntime.js:44:17

  - regeneratorRuntime.js:128 Generator.<anonymous>
    [blog-comments-step4_e]/[@babel]/runtime/helpers/regeneratorRuntime.js:128:22

  - regeneratorRuntime.js:69 Generator.next
    [blog-comments-step4_e]/[@babel]/runtime/helpers/regeneratorRuntime.js:69:21


success onPostBootstrap - 0.219s
info bootstrap finished - 10.260s
success onPreExtractQueries - 0.004s
warn Using the global `graphql` tag is deprecated, and will not be supported in v3.
Import it instead like:  import { graphql } from 'gatsby' in file:
C:/Users/88/Desktop/blog-comments-step4_e/src/pages/index.js
success extract queries from components - 0.905s
success write out requires - 0.021s
success run static queries - 0.030s - 2/2 66.79/s
success run page queries - 0.069s - 3/3 43.75/s
warn `isModuleDeclaration` has been deprecated, please migrate to `isImportOrExportDeclaration`
    at isModuleDeclaration (C:\Users\88\Desktop\blog-comments-step4_e\node_modules\@babel\types\

lib\validators\generated\index.js:2740:35)
    at PluginPass.Program
(C:\Users\88\Desktop\blog-comments-step4_e\node_modules\babel-plugin-lodash\lib\index.js:102:44)


 ERROR 

error:0308010C:digital envelope routines::unsupported



  Error: error:0308010C:digital envelope routines::unsupported

  - hash:69 new Hash
    node:internal/crypto/hash:69:19

  - node:crypto:133 Object.createHash
    node:crypto:133:10

  - createHash.js:135 module.exports
    [blog-comments-step4_e]/[webpack]/lib/util/createHash.js:135:53

  - NormalModule.js:417 NormalModule._initBuildHash
    [blog-comments-step4_e]/[webpack]/lib/NormalModule.js:417:16

  - NormalModule.js:471 handleParseError
    [blog-comments-step4_e]/[webpack]/lib/NormalModule.js:471:10

  - NormalModule.js:503
    [blog-comments-step4_e]/[webpack]/lib/NormalModule.js:503:5

  - NormalModule.js:358
    [blog-comments-step4_e]/[webpack]/lib/NormalModule.js:358:12

  - LoaderRunner.js:373
    [blog-comments-step4_e]/[loader-runner]/lib/LoaderRunner.js:373:3

  - LoaderRunner.js:214 iterateNormalLoaders
    [blog-comments-step4_e]/[loader-runner]/lib/LoaderRunner.js:214:10

  - LoaderRunner.js:221 iterateNormalLoaders
    [blog-comments-step4_e]/[loader-runner]/lib/LoaderRunner.js:221:10

  - LoaderRunner.js:236
    [blog-comments-step4_e]/[loader-runner]/lib/LoaderRunner.js:236:3

  - LoaderRunner.js:111 context.callback
    [blog-comments-step4_e]/[loader-runner]/lib/LoaderRunner.js:111:13

  - index.js:44
    [blog-comments-step4_e]/[babel-loader]/lib/index.js:44:71


not finished Building development bundle - 7.606s

PS C:\Users\88\Desktop\blog-comments-step4_e>






Windows PowerShell
Copyright (C) 2014 Microsoft Corporation. All rights reserved.

PS C:\Users\88> firebase init

     ######## #### ########  ######## ########     ###     ######  ########
     ##        ##  ##     ## ##       ##     ##  ##   ##  ##       ##
     ######    ##  ########  ######   ########  #########  ######  ######
     ##        ##  ##    ##  ##       ##     ## ##     ##       ## ##
     ##       #### ##     ## ######## ########  ##     ##  ######  ########

You're about to initialize a Firebase project in this directory:

  C:\Users\88

Before we get started, keep in mind:

  * You are initializing your home directory as a Firebase project directory
  * You are initializing within an existing Firebase project directory

? Are you ready to proceed? Yes
? Which Firebase features do you want to set up for this directory? Press Space to select features, then Enter to
confirm your choices. Realtime Database: Configure a security rules file for Realtime Database and (optionally)
provision default instance, Firestore: Configure security rules and indexes files for Firestore

=== Project Setup

First, let's associate this project directory with a Firebase project.
You can create multiple project aliases by running firebase use --add,
but for now we'll just set up a default project.

i  Using project comment-66100 (comment)

=== Database Setup
i  database: ensuring required API firebasedatabase.googleapis.com is enabled...
+  database: required API firebasedatabase.googleapis.com is enabled

? It seems like you havenâ€™t initialized Realtime Database in your project yet. Do you want to set it up? No

Firebase Realtime Database Security Rules allow you to define how your data should be
structured and when your data can be read from and written to.

? What file should be used for Realtime Database Security Rules? database.rules.json
+  Default rules have been written to database.rules.json.
Future modifications to database.rules.json will update Realtime Database Security Rules when you run
firebase deploy.

=== Firestore Setup

Firestore Security Rules allow you to define how and when to allow
requests. You can keep these rules in your project directory
and publish them with firebase deploy.

? What file should be used for Firestore Rules? firestore.rules
? File firestore.rules already exists. Do you want to overwrite it with the Firestore Rules from the Firebase Console?
Yes

Firestore indexes allow you to perform complex queries while
maintaining performance that scales with the size of the result
set. You can keep index definitions in your project directory
and publish them with firebase deploy.

? What file should be used for Firestore indexes? firestore.indexes.json
? File firestore.indexes.json already exists. Do you want to overwrite it with the Firestore Indexes from the Firebase
Console? No

i  Writing configuration info to firebase.json...
i  Writing project information to .firebaserc...

+  Firebase initialization complete!
PS C:\Users\88> firebase deploy

Error: It looks like you haven't created a Realtime Database instance in this project before. Please run firebase init d
atabase to create your default Realtime Database instance.
PS C:\Users\88> firebase init database

     ######## #### ########  ######## ########     ###     ######  ########
     ##        ##  ##     ## ##       ##     ##  ##   ##  ##       ##
     ######    ##  ########  ######   ########  #########  ######  ######
     ##        ##  ##    ##  ##       ##     ## ##     ##       ## ##
     ##       #### ##     ## ######## ########  ##     ##  ######  ########

You're about to initialize a Firebase project in this directory:

  C:\Users\88

Before we get started, keep in mind:

  * You are initializing your home directory as a Firebase project directory
  * You are initializing within an existing Firebase project directory

? Are you ready to proceed? Yes

=== Project Setup

First, let's associate this project directory with a Firebase project.
You can create multiple project aliases by running firebase use --add,
but for now we'll just set up a default project.

i  Using project comment-66100 (comment)

=== Database Setup
i  database: ensuring required API firebasedatabase.googleapis.com is enabled...
+  database: required API firebasedatabase.googleapis.com is enabled

? It seems like you havenâ€™t initialized Realtime Database in your project yet. Do you want to set it up? Yes
? Please choose the location for your default Realtime Database instance: us-central1
âˆš Creating your default Realtime Database instance: comment-66100-default-rtdb

Firebase Realtime Database Security Rules allow you to define how your data should be
structured and when your data can be read from and written to.

? File database.rules.json already exists. Do you want to overwrite it with the Realtime Database Security Rules for
comment-66100-default-rtdb from the Firebase console? Yes
+  Database Rules for comment-66100-default-rtdb have been written to database.rules.json.
Future modifications to database.rules.json will update Realtime Database Security Rules when you run
firebase deploy.

i  Writing configuration info to firebase.json...
i  Writing project information to .firebaserc...

+  Firebase initialization complete!
PS C:\Users\88> firebase deploy

=== Deploying to 'comment-66100'...

i  deploying database, storage, firestore, hosting
i  database: checking rules syntax...
+  database: rules syntax for database comment-66100-default-rtdb is valid
i  firebase.storage: checking storage.rules for compilation errors...
+  firebase.storage: rules file storage.rules compiled successfully
i  firestore: reading indexes from firestore.indexes.json...
i  cloud.firestore: checking firestore.rules for compilation errors...
!  [W] undefined:undefined - Ruleset uses old version (version [1]). Please update to the latest version (version [2]).
+  cloud.firestore: rules file firestore.rules compiled successfully
i  storage: latest version of storage.rules already up to date, skipping upload...
i  firestore: deploying indexes...
+  firestore: deployed indexes in firestore.indexes.json successfully for (default) database
i  firestore: latest version of firestore.rules already up to date, skipping upload...
i  hosting[comment-66100]: beginning deploy...
i  hosting[comment-66100]: found 2 files in public
+  hosting[comment-66100]: file upload complete
i  database: releasing rules...
+  database: rules for database comment-66100-default-rtdb released successfully
+  storage: released rules storage.rules to firebase.storage
+  firestore: released rules firestore.rules to cloud.firestore
i  hosting[comment-66100]: finalizing version...
+  hosting[comment-66100]: version finalized
i  hosting[comment-66100]: releasing new version...
+  hosting[comment-66100]: release complete

+  Deploy complete!

Project Console: https://console.firebase.google.com/project/comment-66100/overview
Hosting URL: https://comment-66100.web.app
PS C:\Users\88>






Aug 17 09:24:37 PM  ==> Cloning from https://github.com/bob24170/comment...
Aug 17 09:24:38 PM  ==> Checking out commit 7a78dd890dd8f3fdb410dd5ba67880cf89d66a93 in branch main
Aug 17 09:24:42 PM  ==> Using Node version 14.17.0 (default)
Aug 17 09:24:42 PM  ==> Docs on specifying a Node version: https://render.com/docs/node-version
Aug 17 09:24:42 PM  ==> Running build command 'npm install'...
Aug 17 09:26:04 PM  
Aug 17 09:26:04 PM  > sharp@0.27.2 install /opt/render/project/src/node_modules/sharp
Aug 17 09:26:04 PM  > (node install/libvips && node install/dll-copy && prebuild-install) || (node-gyp rebuild && node install/dll-copy)
Aug 17 09:26:04 PM  
Aug 17 09:26:04 PM  info sharp Downloading https://github.com/lovell/sharp-libvips/releases/download/v8.10.5/libvips-8.10.5-linux-x64.tar.br
Aug 17 09:26:07 PM  
Aug 17 09:26:07 PM  > core-js@2.6.12 postinstall /opt/render/project/src/node_modules/babel-runtime/node_modules/core-js
Aug 17 09:26:07 PM  > node -e "try{require('./postinstall')}catch(e){}"
Aug 17 09:26:07 PM  
Aug 17 09:26:08 PM  
Aug 17 09:26:08 PM  > core-js@3.6.5 postinstall /opt/render/project/src/node_modules/core-js
Aug 17 09:26:08 PM  > node -e "try{require('./postinstall')}catch(e){}"
Aug 17 09:26:08 PM  
Aug 17 09:26:08 PM  
Aug 17 09:26:08 PM  > protobufjs@6.11.4 postinstall /opt/render/project/src/node_modules/@grpc/proto-loader/node_modules/protobufjs
Aug 17 09:26:08 PM  > node scripts/postinstall
Aug 17 09:26:08 PM  
Aug 17 09:26:09 PM  
Aug 17 09:26:09 PM  > protobufjs@7.2.4 postinstall /opt/render/project/src/node_modules/protobufjs
Aug 17 09:26:09 PM  > node scripts/postinstall
Aug 17 09:26:09 PM  
Aug 17 09:26:09 PM  
Aug 17 09:26:09 PM  > es5-ext@0.10.62 postinstall /opt/render/project/src/node_modules/es5-ext
Aug 17 09:26:09 PM  >  node -e "try{require('./_postinstall')}catch(e){}" || exit 0
Aug 17 09:26:09 PM  
Aug 17 09:26:10 PM  
Aug 17 09:26:10 PM  > gatsby-telemetry@1.10.2 postinstall /opt/render/project/src/node_modules/gatsby-telemetry
Aug 17 09:26:10 PM  > node src/postinstall.js || true
Aug 17 09:26:10 PM  
Aug 17 09:26:10 PM  
Aug 17 09:26:10 PM  > mozjpeg@7.1.1 postinstall /opt/render/project/src/node_modules/mozjpeg
Aug 17 09:26:10 PM  > node lib/install.js
Aug 17 09:26:10 PM  
Aug 17 09:26:10 PM  mozjpeg pre-build test passed successfully
Aug 17 09:26:10 PM  
Aug 17 09:26:10 PM  > pngquant-bin@6.0.1 postinstall /opt/render/project/src/node_modules/pngquant-bin
Aug 17 09:26:10 PM  > node lib/install.js
Aug 17 09:26:10 PM  
Aug 17 09:26:11 PM  pngquant pre-build test passed successfully
Aug 17 09:26:11 PM  
Aug 17 09:26:11 PM  > gatsby-cli@2.19.3 postinstall /opt/render/project/src/node_modules/gatsby/node_modules/gatsby-cli
Aug 17 09:26:11 PM  > node scripts/postinstall.js
Aug 17 09:26:11 PM  
Aug 17 09:26:11 PM  
Aug 17 09:26:11 PM  > gatsby@2.32.13 postinstall /opt/render/project/src/node_modules/gatsby
Aug 17 09:26:11 PM  > node scripts/postinstall.js
Aug 17 09:26:11 PM  
Aug 17 09:26:14 PM  added 2673 packages from 1135 contributors and audited 2678 packages in 91.819s
Aug 17 09:26:16 PM  
Aug 17 09:26:16 PM  330 packages are looking for funding
Aug 17 09:26:16 PM    run `npm fund` for details
Aug 17 09:26:16 PM  
Aug 17 09:26:16 PM  found 68 vulnerabilities (3 low, 34 moderate, 26 high, 5 critical)
Aug 17 09:26:16 PM    run `npm audit fix` to fix them, or `npm audit` for details
Aug 17 09:26:29 PM  ==> Build uploaded in 9s
Aug 17 09:26:29 PM  ==> Build successful ðŸŽ‰
Aug 17 09:26:29 PM  ==> Deploying...
Aug 17 09:26:55 PM  ==> Using Node version 14.17.0 (default)
Aug 17 09:26:55 PM  ==> Docs on specifying a Node version: https://render.com/docs/node-version
Aug 17 09:26:55 PM  ==> Starting service with 'yarn start'
Aug 17 09:26:56 PM  yarn run v1.22.5
Aug 17 09:26:56 PM  $ npm run develop
Aug 17 09:26:58 PM  
Aug 17 09:26:58 PM  > gatsby-starter-default@0.1.0 develop /opt/render/project/src
Aug 17 09:26:58 PM  > gatsby develop
Aug 17 09:26:58 PM  
Aug 17 09:27:23 PM  internal/modules/cjs/loader.js:1085
Aug 17 09:27:23 PM        throw new ERR_REQUIRE_ESM(filename, parentPath, packageJsonPath);
Aug 17 09:27:23 PM        ^
Aug 17 09:27:23 PM  
Aug 17 09:27:23 PM  Error [ERR_REQUIRE_ESM]: Must use import to load ES Module:
Aug 17 09:27:23 PM  /opt/render/project/src/node_modules/remark-mdx/index.js
Aug 17 09:27:23 PM  require() of ES modules is not supported.
Aug 17 09:27:23 PM  require() of /opt/render/project/src/node_modules/remark-mdx/index.js from /opt/
Aug 17 09:27:23 PM  render/project/src/node_modules/gatsby-recipes/dist/graphql-server/server.js is
Aug 17 09:27:23 PM  an ES module file as it is a .js file whose nearest parent package.json contains
Aug 17 09:27:23 PM   "type": "module" which defines all .js files in that package scope as ES
Aug 17 09:27:23 PM  modules.
Aug 17 09:27:23 PM  Instead rename index.js to end in .cjs, change the requiring code to use
Aug 17 09:27:23 PM  import(), or remove "type": "module" from
Aug 17 09:27:23 PM  /opt/render/project/src/node_modules/remark-mdx/package.json.
Aug 17 09:27:23 PM  
Aug 17 09:27:23 PM      at Object.Module._extensions..js (internal/modules/cjs/loader.js:1085:13)
Aug 17 09:27:23 PM      at Module.load (internal/modules/cjs/loader.js:933:32)
Aug 17 09:27:23 PM      at Function.Module._load (internal/modules/cjs/loader.js:774:14)
Aug 17 09:27:23 PM      at Module.require (internal/modules/cjs/loader.js:957:19)
Aug 17 09:27:23 PM      at require (internal/modules/cjs/helpers.js:88:18)
Aug 17 09:27:23 PM      at Object.<anonymous> (/opt/render/project/src/node_modules/gatsby-recipes/d
Aug 17 09:27:23 PM  ist/graphql-server/server.js:52:17)
Aug 17 09:27:23 PM      at Module._compile (internal/modules/cjs/loader.js:1068:30)
Aug 17 09:27:23 PM      at Object.Module._extensions..js (internal/modules/cjs/loader.js:1097:10)
Aug 17 09:27:23 PM      at Module.load (internal/modules/cjs/loader.js:933:32)
Aug 17 09:27:23 PM      at Function.Module._load (internal/modules/cjs/loader.js:774:14) {
Aug 17 09:27:23 PM    code: 'ERR_REQUIRE_ESM'
Aug 17 09:27:23 PM  }
Aug 17 09:27:23 PM  
Aug 17 09:27:23 PM  
Aug 17 09:27:34 PM  success open and validate gatsby-configs - 0.397s
success load plugins - 5.296s

Aug 17 09:27:39 PM   ERROR #11321  PLUGIN
Aug 17 09:27:39 PM  
Aug 17 09:27:39 PM  "gatsby-plugin-manifest" threw an error while running the onPreInit lifecycle:
Aug 17 09:27:39 PM  
Aug 17 09:27:39 PM  ENOENT: no such file or directory, open 'src/images/gatsby-icon.png'
Aug 17 09:27:39 PM  
Aug 17 09:27:39 PM    139 |
Aug 17 09:27:39 PM    140 |   if (pluginOptions.cache_busting_mode !== "none" && pluginOptions.icon)
Aug 17 09:27:39 PM   {
Aug 17 09:27:39 PM  > 141 |     pluginOptions.cacheDigest = (0,
Aug 17 09:27:39 PM  _gatsbyCoreUtils.createContentDigest)(fs.readFileSync(pluginOptions.icon));
Aug 17 09:27:39 PM        |
Aug 17 09:27:39 PM       ^
Aug 17 09:27:39 PM    142 |   }
Aug 17 09:27:39 PM    143 | };
Aug 17 09:27:39 PM    144 |
Aug 17 09:27:39 PM  
Aug 17 09:27:39 PM  File: node_modules/gatsby-plugin-manifest/gatsby-node.js:141:78
Aug 17 09:27:39 PM  

Aug 17 09:27:39 PM  
Aug 17 09:27:39 PM    Error: ENOENT: no such file or directory, open 'src/images/gatsby-icon.png'
Aug 17 09:27:39 PM    
Aug 17 09:27:39 PM    - gatsby-node.js:141 Object.exports.onPreInit
Aug 17 09:27:39 PM      [src]/[gatsby-plugin-manifest]/gatsby-node.js:141:78
Aug 17 09:27:39 PM    
Aug 17 09:27:39 PM    - api-runner-node.js:485 runAPI
Aug 17 09:27:39 PM      [src]/[gatsby]/src/utils/api-runner-node.js:485:22
Aug 17 09:27:39 PM    
Aug 17 09:27:39 PM    - api-runner-node.js:636 Promise.catch.decorateEvent.pluginName
Aug 17 09:27:39 PM      [src]/[gatsby]/src/utils/api-runner-node.js:636:13
Aug 17 09:27:39 PM    
Aug 17 09:27:39 PM    - debuggability.js:384 Promise._execute
Aug 17 09:27:39 PM      [src]/[bluebird]/js/release/debuggability.js:384:9
Aug 17 09:27:39 PM    
Aug 17 09:27:39 PM    - promise.js:518 Promise._resolveFromExecutor
Aug 17 09:27:39 PM      [src]/[bluebird]/js/release/promise.js:518:18
Aug 17 09:27:39 PM    
Aug 17 09:27:39 PM    - promise.js:103 new Promise
Aug 17 09:27:39 PM      [src]/[bluebird]/js/release/promise.js:103:10
Aug 17 09:27:39 PM    
Aug 17 09:27:39 PM    - api-runner-node.js:634 
Aug 17 09:27:39 PM      [src]/[gatsby]/src/utils/api-runner-node.js:634:16
Aug 17 09:27:39 PM    
Aug 17 09:27:39 PM    - util.js:16 tryCatcher
Aug 17 09:27:39 PM      [src]/[bluebird]/js/release/util.js:16:23
Aug 17 09:27:39 PM    
Aug 17 09:27:39 PM    - reduce.js:166 Object.gotValue
Aug 17 09:27:39 PM      [src]/[bluebird]/js/release/reduce.js:166:18
Aug 17 09:27:39 PM    
Aug 17 09:27:39 PM    - reduce.js:155 Object.gotAccum
Aug 17 09:27:39 PM      [src]/[bluebird]/js/release/reduce.js:155:25
Aug 17 09:27:39 PM    
Aug 17 09:27:39 PM    - util.js:16 Object.tryCatcher
Aug 17 09:27:39 PM      [src]/[bluebird]/js/release/util.js:16:23
Aug 17 09:27:39 PM    
Aug 17 09:27:39 PM    - promise.js:547 Promise._settlePromiseFromHandler
Aug 17 09:27:39 PM      [src]/[bluebird]/js/release/promise.js:547:31
Aug 17 09:27:39 PM    
Aug 17 09:27:39 PM    - promise.js:604 Promise._settlePromise
Aug 17 09:27:39 PM      [src]/[bluebird]/js/release/promise.js:604:18
Aug 17 09:27:39 PM    
Aug 17 09:27:39 PM    - promise.js:649 Promise._settlePromise0
Aug 17 09:27:39 PM      [src]/[bluebird]/js/release/promise.js:649:10
Aug 17 09:27:39 PM    
Aug 17 09:27:39 PM  
success onPreInit - 0.701s
success delete html and css files from previous builds - 0.002s
success initialize cache - 0.089s
success copy gatsby files - 0.301s
success onPreBootstrap - 0.096s
success createSchemaCustomization - 0.005s
success Checking for changed pages - 0.001s
success source and transform nodes - 1.002s
success building schema - 3.198s
info Total nodes: 52, SitePage nodes: 3 (use --verbose for breakdown)
success createPages - 0.312s
success Checking for changed pages - 0.086s
success createPagesStatefully - 0.408s
success update schema - 0.190s
success write out redirect data - 0.001s
success Build manifest and related icons - 0.001s

Aug 17 09:27:47 PM   ERROR #11321  PLUGIN
Aug 17 09:27:47 PM  
Aug 17 09:27:47 PM  "gatsby-plugin-manifest" threw an error while running the onPostBootstrap
Aug 17 09:27:47 PM  lifecycle:
Aug 17 09:27:47 PM  
Aug 17 09:27:47 PM  icon (src/images/gatsby-icon.png) does not exist as defined in gatsby-config.js.
Aug 17 09:27:47 PM   Make sure the file exists relative to the root of the site.
Aug 17 09:27:47 PM  
Aug 17 09:27:47 PM    344 |             }
Aug 17 09:27:47 PM    345 |
Aug 17 09:27:47 PM  > 346 |             throw new Error("icon (" + icon + ") does not exist as
Aug 17 09:27:47 PM  defined in gatsby-config.js. Make sure the file exists relative to the root of
Aug 17 09:27:47 PM  the site.");
Aug 17 09:27:47 PM        |                   ^
Aug 17 09:27:47 PM    347 |
Aug 17 09:27:47 PM    348 |           case 19:
Aug 17 09:27:47 PM    349 |             sharpIcon = (0, _safeSharp.default)(icon);
Aug 17 09:27:47 PM  
Aug 17 09:27:47 PM  File: node_modules/gatsby-plugin-manifest/gatsby-node.js:346:19
Aug 17 09:27:47 PM  

Aug 17 09:27:47 PM  
Aug 17 09:27:47 PM    Error: icon (src/images/gatsby-icon.png) does not exist as defined in gatsby-c
Aug 17 09:27:47 PM    onfig.js. Make sure the file exists relative to the root of the site.
Aug 17 09:27:47 PM    
Aug 17 09:27:47 PM    - gatsby-node.js:346 _callee3$
Aug 17 09:27:47 PM      [src]/[gatsby-plugin-manifest]/gatsby-node.js:346:19
Aug 17 09:27:47 PM    
Aug 17 09:27:47 PM    - regeneratorRuntime.js:44 tryCatch
Aug 17 09:27:47 PM      [src]/[@babel]/runtime/helpers/regeneratorRuntime.js:44:17
Aug 17 09:27:47 PM    
Aug 17 09:27:47 PM    - regeneratorRuntime.js:128 Generator.<anonymous>
Aug 17 09:27:47 PM      [src]/[@babel]/runtime/helpers/regeneratorRuntime.js:128:22
Aug 17 09:27:47 PM    
Aug 17 09:27:47 PM    - regeneratorRuntime.js:69 Generator.next
Aug 17 09:27:47 PM      [src]/[@babel]/runtime/helpers/regeneratorRuntime.js:69:21
Aug 17 09:27:47 PM    
Aug 17 09:27:47 PM    - new Promise
Aug 17 09:27:47 PM    
Aug 17 09:27:47 PM    - gatsby-node.js:406 makeManifest
Aug 17 09:27:47 PM      [src]/[gatsby-plugin-manifest]/gatsby-node.js:406:18
Aug 17 09:27:47 PM    
Aug 17 09:27:47 PM    - gatsby-node.js:160 _callee$
Aug 17 09:27:47 PM      [src]/[gatsby-plugin-manifest]/gatsby-node.js:160:20
Aug 17 09:27:47 PM    
Aug 17 09:27:47 PM    - regeneratorRuntime.js:44 tryCatch
Aug 17 09:27:47 PM      [src]/[@babel]/runtime/helpers/regeneratorRuntime.js:44:17
Aug 17 09:27:47 PM    
Aug 17 09:27:47 PM    - regeneratorRuntime.js:128 Generator.<anonymous>
Aug 17 09:27:47 PM      [src]/[@babel]/runtime/helpers/regeneratorRuntime.js:128:22
Aug 17 09:27:47 PM    
Aug 17 09:27:47 PM    - regeneratorRuntime.js:69 Generator.next
Aug 17 09:27:47 PM      [src]/[@babel]/runtime/helpers/regeneratorRuntime.js:69:21
Aug 17 09:27:47 PM    
Aug 17 09:27:47 PM  
success onPostBootstrap - 0.596s
info bootstrap finished - 38.595s
success onPreExtractQueries - 0.001s
warn Using the global `graphql` tag is deprecated, and will not be supported in
Aug 17 09:27:49 PM  v3.
Aug 17 09:27:49 PM  Import it instead like:  import { graphql } from 'gatsby' in file:
Aug 17 09:27:49 PM  /opt/render/project/src/src/pages/index.js
success extract queries from components - 3.800s
success write out requires - 0.003s
success run static queries - 0.047s - 2/2 42.32/s
success run page queries - 0.196s - 2/2 10.20/s
warn `isModuleDeclaration` has been deprecated, please migrate to
Aug 17 09:27:56 PM  `isImportOrExportDeclaration`
Aug 17 09:27:56 PM      at isModuleDeclaration (/opt/render/project/src/node_modules/@babel/types/li
Aug 17 09:27:56 PM  b/validators/generated/index.js:2740:35)
Aug 17 09:27:56 PM      at PluginPass.Program
Aug 17 09:27:56 PM  (/opt/render/project/src/node_modules/babel-plugin-lodash/lib/index.js:102:44)
Aug 17 09:27:56 PM  
Aug 17 09:28:43 PM  Killed
Aug 17 09:28:43 PM  npm ERR! code ELIFECYCLE
Aug 17 09:28:43 PM  npm ERR! errno 137
Aug 17 09:28:43 PM  npm ERR! gatsby-starter-default@0.1.0 develop: `gatsby develop`
Aug 17 09:28:43 PM  npm ERR! Exit status 137
Aug 17 09:28:43 PM  npm ERR!
Aug 17 09:28:43 PM  npm ERR! Failed at the gatsby-starter-default@0.1.0 develop script.
Aug 17 09:28:43 PM  npm ERR! This is probably not a problem with npm. There is likely additional logging output above.
Aug 17 09:28:43 PM  
Aug 17 09:28:43 PM  npm ERR! A complete log of this run can be found in:
Aug 17 09:28:43 PM  npm ERR!     /opt/render/.cache/_logs/2023-08-17T13_28_43_310Z-debug.log
Aug 17 09:28:43 PM  error Command failed with exit code 137.
Aug 17 09:28:43 PM  info Visit https://yarnpkg.com/en/docs/cli/run for documentation about this command.
Aug 17 09:29:15 PM  ==> Using Node version 14.17.0 (default)
Aug 17 09:29:15 PM  ==> Docs on specifying a Node version: https://render.com/docs/node-version
Aug 17 09:29:15 PM  ==> Starting service with 'yarn start'
Aug 17 09:29:16 PM  yarn run v1.22.5
Aug 17 09:29:17 PM  $ npm run develop
Aug 17 09:29:18 PM  
Aug 17 09:29:18 PM  > gatsby-starter-default@0.1.0 develop /opt/render/project/src
Aug 17 09:29:18 PM  > gatsby develop
Aug 17 09:29:18 PM  
Aug 17 09:29:45 PM  internal/modules/cjs/loader.js:1085
Aug 17 09:29:45 PM        throw new ERR_REQUIRE_ESM(filename, parentPath, packageJsonPath);
Aug 17 09:29:45 PM        ^
Aug 17 09:29:45 PM  
Aug 17 09:29:45 PM  Error [ERR_REQUIRE_ESM]: Must use import to load ES Module:
Aug 17 09:29:45 PM  /opt/render/project/src/node_modules/remark-mdx/index.js
Aug 17 09:29:45 PM  require() of ES modules is not supported.
Aug 17 09:29:45 PM  require() of /opt/render/project/src/node_modules/remark-mdx/index.js from /opt/
Aug 17 09:29:45 PM  render/project/src/node_modules/gatsby-recipes/dist/graphql-server/server.js is
Aug 17 09:29:45 PM  an ES module file as it is a .js file whose nearest parent package.json contains
Aug 17 09:29:45 PM   "type": "module" which defines all .js files in that package scope as ES
Aug 17 09:29:45 PM  modules.
Aug 17 09:29:45 PM  Instead rename index.js to end in .cjs, change the requiring code to use
Aug 17 09:29:45 PM  import(), or remove "type": "module" from
Aug 17 09:29:45 PM  /opt/render/project/src/node_modules/remark-mdx/package.json.
Aug 17 09:29:45 PM  
Aug 17 09:29:45 PM      at Object.Module._extensions..js (internal/modules/cjs/loader.js:1085:13)
Aug 17 09:29:45 PM      at Module.load (internal/modules/cjs/loader.js:933:32)
Aug 17 09:29:45 PM      at Function.Module._load (internal/modules/cjs/loader.js:774:14)
Aug 17 09:29:45 PM      at Module.require (internal/modules/cjs/loader.js:957:19)
Aug 17 09:29:45 PM      at require (internal/modules/cjs/helpers.js:88:18)
Aug 17 09:29:45 PM      at Object.<anonymous> (/opt/render/project/src/node_modules/gatsby-recipes/d
Aug 17 09:29:45 PM  ist/graphql-server/server.js:52:17)
Aug 17 09:29:45 PM      at Module._compile (internal/modules/cjs/loader.js:1068:30)
Aug 17 09:29:45 PM      at Object.Module._extensions..js (internal/modules/cjs/loader.js:1097:10)
Aug 17 09:29:45 PM      at Module.load (internal/modules/cjs/loader.js:933:32)
Aug 17 09:29:45 PM      at Function.Module._load (internal/modules/cjs/loader.js:774:14) {
Aug 17 09:29:45 PM    code: 'ERR_REQUIRE_ESM'
Aug 17 09:29:45 PM  }
Aug 17 09:29:45 PM  
Aug 17 09:29:45 PM  
Aug 17 09:29:55 PM  success open and validate gatsby-configs - 0.290s
success load plugins - 6.514s

Aug 17 09:30:02 PM   ERROR #11321  PLUGIN
Aug 17 09:30:02 PM  
Aug 17 09:30:02 PM  "gatsby-plugin-manifest" threw an error while running the onPreInit lifecycle:
Aug 17 09:30:02 PM  
Aug 17 09:30:02 PM  ENOENT: no such file or directory, open 'src/images/gatsby-icon.png'
Aug 17 09:30:02 PM  
Aug 17 09:30:02 PM    139 |
Aug 17 09:30:02 PM    140 |   if (pluginOptions.cache_busting_mode !== "none" && pluginOptions.icon)
Aug 17 09:30:02 PM   {
Aug 17 09:30:02 PM  > 141 |     pluginOptions.cacheDigest = (0,
Aug 17 09:30:02 PM  _gatsbyCoreUtils.createContentDigest)(fs.readFileSync(pluginOptions.icon));
Aug 17 09:30:02 PM        |
Aug 17 09:30:02 PM       ^
Aug 17 09:30:02 PM    142 |   }
Aug 17 09:30:02 PM    143 | };
Aug 17 09:30:02 PM    144 |
Aug 17 09:30:02 PM  
Aug 17 09:30:02 PM  File: node_modules/gatsby-plugin-manifest/gatsby-node.js:141:78
Aug 17 09:30:02 PM  

Aug 17 09:30:03 PM  
Aug 17 09:30:03 PM    Error: ENOENT: no such file or directory, open 'src/images/gatsby-icon.png'
Aug 17 09:30:03 PM    
Aug 17 09:30:03 PM    - gatsby-node.js:141 Object.exports.onPreInit
Aug 17 09:30:03 PM      [src]/[gatsby-plugin-manifest]/gatsby-node.js:141:78
Aug 17 09:30:03 PM    
Aug 17 09:30:03 PM    - api-runner-node.js:485 runAPI
Aug 17 09:30:03 PM      [src]/[gatsby]/src/utils/api-runner-node.js:485:22
Aug 17 09:30:03 PM    
Aug 17 09:30:03 PM    - api-runner-node.js:636 Promise.catch.decorateEvent.pluginName
Aug 17 09:30:03 PM      [src]/[gatsby]/src/utils/api-runner-node.js:636:13
Aug 17 09:30:03 PM    
Aug 17 09:30:03 PM    - debuggability.js:384 Promise._execute
Aug 17 09:30:03 PM      [src]/[bluebird]/js/release/debuggability.js:384:9
Aug 17 09:30:03 PM    
Aug 17 09:30:03 PM    - promise.js:518 Promise._resolveFromExecutor
Aug 17 09:30:03 PM      [src]/[bluebird]/js/release/promise.js:518:18
Aug 17 09:30:03 PM    
Aug 17 09:30:03 PM    - promise.js:103 new Promise
Aug 17 09:30:03 PM      [src]/[bluebird]/js/release/promise.js:103:10
Aug 17 09:30:03 PM    
Aug 17 09:30:03 PM    - api-runner-node.js:634 
Aug 17 09:30:03 PM      [src]/[gatsby]/src/utils/api-runner-node.js:634:16
Aug 17 09:30:03 PM    
Aug 17 09:30:03 PM    - util.js:16 tryCatcher
Aug 17 09:30:03 PM      [src]/[bluebird]/js/release/util.js:16:23
Aug 17 09:30:03 PM    
Aug 17 09:30:03 PM    - reduce.js:166 Object.gotValue
Aug 17 09:30:03 PM      [src]/[bluebird]/js/release/reduce.js:166:18
Aug 17 09:30:03 PM    
Aug 17 09:30:03 PM    - reduce.js:155 Object.gotAccum
Aug 17 09:30:03 PM      [src]/[bluebird]/js/release/reduce.js:155:25
Aug 17 09:30:03 PM    
Aug 17 09:30:03 PM    - util.js:16 Object.tryCatcher
Aug 17 09:30:03 PM      [src]/[bluebird]/js/release/util.js:16:23
Aug 17 09:30:03 PM    
Aug 17 09:30:03 PM    - promise.js:547 Promise._settlePromiseFromHandler
Aug 17 09:30:03 PM      [src]/[bluebird]/js/release/promise.js:547:31
Aug 17 09:30:03 PM    
Aug 17 09:30:03 PM    - promise.js:604 Promise._settlePromise
Aug 17 09:30:03 PM      [src]/[bluebird]/js/release/promise.js:604:18
Aug 17 09:30:03 PM    
Aug 17 09:30:03 PM    - promise.js:649 Promise._settlePromise0
Aug 17 09:30:03 PM      [src]/[bluebird]/js/release/promise.js:649:10
Aug 17 09:30:03 PM    
Aug 17 09:30:03 PM  
success onPreInit - 0.682s
success delete html and css files from previous builds - 0.042s
success initialize cache - 0.060s
success copy gatsby files - 0.369s
success onPreBootstrap - 0.038s
success createSchemaCustomization - 0.494s
success Checking for changed pages - 0.001s
success source and transform nodes - 0.702s
success building schema - 3.505s
info Total nodes: 52, SitePage nodes: 3 (use --verbose for breakdown)
success createPages - 0.335s
success Checking for changed pages - 0.000s
success createPagesStatefully - 0.372s
success update schema - 0.289s
success write out redirect data - 0.024s
success Build manifest and related icons - 0.001s

Aug 17 09:30:10 PM   ERROR #11321  PLUGIN
Aug 17 09:30:10 PM  
Aug 17 09:30:10 PM  "gatsby-plugin-manifest" threw an error while running the onPostBootstrap
Aug 17 09:30:10 PM  lifecycle:
Aug 17 09:30:10 PM  
Aug 17 09:30:10 PM  icon (src/images/gatsby-icon.png) does not exist as defined in gatsby-config.js.
Aug 17 09:30:10 PM   Make sure the file exists relative to the root of the site.
Aug 17 09:30:10 PM  
Aug 17 09:30:10 PM    344 |             }
Aug 17 09:30:10 PM    345 |
Aug 17 09:30:10 PM  > 346 |             throw new Error("icon (" + icon + ") does not exist as
Aug 17 09:30:10 PM  defined in gatsby-config.js. Make sure the file exists relative to the root of
Aug 17 09:30:10 PM  the site.");
Aug 17 09:30:10 PM        |                   ^
Aug 17 09:30:10 PM    347 |
Aug 17 09:30:10 PM    348 |           case 19:
Aug 17 09:30:10 PM    349 |             sharpIcon = (0, _safeSharp.default)(icon);
Aug 17 09:30:10 PM  
Aug 17 09:30:10 PM  File: node_modules/gatsby-plugin-manifest/gatsby-node.js:346:19
Aug 17 09:30:10 PM  

Aug 17 09:30:11 PM  
Aug 17 09:30:11 PM    Error: icon (src/images/gatsby-icon.png) does not exist as defined in gatsby-c
Aug 17 09:30:11 PM    onfig.js. Make sure the file exists relative to the root of the site.
Aug 17 09:30:11 PM    
Aug 17 09:30:11 PM    - gatsby-node.js:346 _callee3$
Aug 17 09:30:11 PM      [src]/[gatsby-plugin-manifest]/gatsby-node.js:346:19
Aug 17 09:30:11 PM    
Aug 17 09:30:11 PM    - regeneratorRuntime.js:44 tryCatch
Aug 17 09:30:11 PM      [src]/[@babel]/runtime/helpers/regeneratorRuntime.js:44:17
Aug 17 09:30:11 PM    
Aug 17 09:30:11 PM    - regeneratorRuntime.js:128 Generator.<anonymous>
Aug 17 09:30:11 PM      [src]/[@babel]/runtime/helpers/regeneratorRuntime.js:128:22
Aug 17 09:30:11 PM    
Aug 17 09:30:11 PM    - regeneratorRuntime.js:69 Generator.next
Aug 17 09:30:11 PM      [src]/[@babel]/runtime/helpers/regeneratorRuntime.js:69:21
Aug 17 09:30:11 PM    
Aug 17 09:30:11 PM    - new Promise
Aug 17 09:30:11 PM    
Aug 17 09:30:11 PM    - gatsby-node.js:406 makeManifest
Aug 17 09:30:11 PM      [src]/[gatsby-plugin-manifest]/gatsby-node.js:406:18
Aug 17 09:30:11 PM    
Aug 17 09:30:11 PM    - gatsby-node.js:160 _callee$
Aug 17 09:30:11 PM      [src]/[gatsby-plugin-manifest]/gatsby-node.js:160:20
Aug 17 09:30:11 PM    
Aug 17 09:30:11 PM    - regeneratorRuntime.js:44 tryCatch
Aug 17 09:30:11 PM      [src]/[@babel]/runtime/helpers/regeneratorRuntime.js:44:17
Aug 17 09:30:11 PM    
Aug 17 09:30:11 PM    - regeneratorRuntime.js:128 Generator.<anonymous>
Aug 17 09:30:11 PM      [src]/[@babel]/runtime/helpers/regeneratorRuntime.js:128:22
Aug 17 09:30:11 PM    
Aug 17 09:30:11 PM    - regeneratorRuntime.js:69 Generator.next
Aug 17 09:30:11 PM      [src]/[@babel]/runtime/helpers/regeneratorRuntime.js:69:21
Aug 17 09:30:11 PM    
Aug 17 09:30:11 PM  
success onPostBootstrap - 0.378s
info bootstrap finished - 41.700s
success onPreExtractQueries - 0.002s
warn Using the global `graphql` tag is deprecated, and will not be supported in
Aug 17 09:30:13 PM  v3.
Aug 17 09:30:13 PM  Import it instead like:  import { graphql } from 'gatsby' in file:
Aug 17 09:30:13 PM  /opt/render/project/src/src/pages/index.js
success extract queries from components - 4.000s
success write out requires - 0.043s
success run static queries - 0.022s - 2/2 90.76/s
success run page queries - 0.180s - 2/2 11.12/s
warn `isModuleDeclaration` has been deprecated, please migrate to
Aug 17 09:30:20 PM  `isImportOrExportDeclaration`
Aug 17 09:30:20 PM      at isModuleDeclaration (/opt/render/project/src/node_modules/@babel/types/li
Aug 17 09:30:20 PM  b/validators/generated/index.js:2740:35)
Aug 17 09:30:20 PM      at PluginPass.Program
Aug 17 09:30:20 PM  (/opt/render/project/src/node_modules/babel-plugin-lodash/lib/index.js:102:44)
info
Aug 17 09:31:35 PM  Hi from the Gatsby maintainers! Based on what we see in your site, these coming
Aug 17 09:31:35 PM  features may help you. All of these can be enabled within gatsby-config.js via
Aug 17 09:31:35 PM  flags (samples below)
Aug 17 09:31:35 PM  
Aug 17 09:31:35 PM  Preserve webpack's Cache (https://github.com/gatsbyjs/gatsby/discussions/28331),
Aug 17 09:31:35 PM   which changes Gatsby's cache clearing behavior to not clear webpack's
Aug 17 09:31:35 PM  cache unless you run "gatsby clean" or delete the .cache folder manually.
Aug 17 09:31:35 PM  Here's how to try it:
Aug 17 09:31:35 PM  
Aug 17 09:31:35 PM  module.exports = {
Aug 17 09:31:35 PM    flags: { PRESERVE_WEBPACK_CACHE: true },
Aug 17 09:31:35 PM    plugins: [...]
Aug 17 09:31:35 PM  }
Aug 17 09:31:35 PM  
â €
You can now view gatsby-starter-default in the browser.
â €
  http://localhost:3000/
â €
View GraphiQL, an in-browser IDE, to explore your site's data and schema
â €
  http://localhost:3000/___graphql
â €
Note that the development build is not optimized.
To create a production build, use gatsby build
â €
warn "export 'firestore' was not found in '../../firebase.js'
warn "export 'firestore' was not found in '../../firebase.js'
warn ESLintError:
Aug 17 09:31:35 PM  /opt/render/project/src/firebase.js
Aug 17 09:31:35 PM    41:7  warning  'app' is assigned a value but never used  no-unused-vars
Aug 17 09:31:35 PM  
Aug 17 09:31:35 PM  âœ– 1 problem (0 errors, 1 warning)
Aug 17 09:31:35 PM  
success Building development bundle - 80.299s
Aug 17 09:31:36 PM  








PS C:\Users\88\Desktop\blog-comments-step4_e> gatsby develop
success open and validate gatsby-configs - 0.123s
success load plugins - 2.301s
success onPreInit - 0.057s
success initialize cache - 0.067s
success copy gatsby files - 0.219s
success onPreBootstrap - 0.087s
success createSchemaCustomization - 0.041s
success Checking for changed pages - 0.002s
success source and transform nodes - 0.211s
success building schema - 0.487s
info Total nodes: 55, SitePage nodes: 3 (use --verbose for breakdown)
success createPages - 0.073s
success Checking for changed pages - 0.001s
success createPagesStatefully - 0.184s
success update schema - 0.050s
success write out redirect data - 0.003s
success Build manifest and related icons - 0.147s
success onPostBootstrap - 0.157s
info bootstrap finished - 9.186s
success onPreExtractQueries - 0.002s
warn Using the global `graphql` tag is deprecated, and will not be supported in v3.
Import it instead like:  import { graphql } from 'gatsby' in file:
C:/Users/88/Desktop/blog-comments-step4_e/src/pages/index.js
success extract queries from components - 0.621s
success write out requires - 0.026s
success run static queries - 0.028s - 2/2 72.51/s
success run page queries - 0.064s - 3/3 46.99/s
warn `isModuleDeclaration` has been deprecated, please migrate to `isImportOrExportDeclaration`
    at isModuleDeclaration (C:\Users\88\Desktop\blog-comments-step4_e\node_modules\@babel\types\

lib\validators\generated\index.js:2740:35)
    at PluginPass.Program
(C:\Users\88\Desktop\blog-comments-step4_e\node_modules\babel-plugin-lodash\lib\index.js:102:44)


 ERROR 

error:0308010C:digital envelope routines::unsupported



  Error: error:0308010C:digital envelope routines::unsupported

  - hash:69 new Hash
    node:internal/crypto/hash:69:19

  - node:crypto:133 Object.createHash
    node:crypto:133:10

  - createHash.js:135 module.exports
    [blog-comments-step4_e]/[webpack]/lib/util/createHash.js:135:53

  - NormalModule.js:417 NormalModule._initBuildHash
    [blog-comments-step4_e]/[webpack]/lib/NormalModule.js:417:16

  - NormalModule.js:471 handleParseError
    [blog-comments-step4_e]/[webpack]/lib/NormalModule.js:471:10

  - NormalModule.js:503
    [blog-comments-step4_e]/[webpack]/lib/NormalModule.js:503:5

  - NormalModule.js:358
    [blog-comments-step4_e]/[webpack]/lib/NormalModule.js:358:12

  - LoaderRunner.js:373
    [blog-comments-step4_e]/[loader-runner]/lib/LoaderRunner.js:373:3

  - LoaderRunner.js:214 iterateNormalLoaders
    [blog-comments-step4_e]/[loader-runner]/lib/LoaderRunner.js:214:10

  - LoaderRunner.js:221 iterateNormalLoaders
    [blog-comments-step4_e]/[loader-runner]/lib/LoaderRunner.js:221:10

  - LoaderRunner.js:236
    [blog-comments-step4_e]/[loader-runner]/lib/LoaderRunner.js:236:3

  - LoaderRunner.js:111 context.callback
    [blog-comments-step4_e]/[loader-runner]/lib/LoaderRunner.js:111:13

  - index.js:44
    [blog-comments-step4_e]/[babel-loader]/lib/index.js:44:71


not finished Building development bundle - 1.798s

PS C:\Users\88\Desktop\blog-comments-step4_e>

